Determining if the pthread_create exist failed with the following output:
Change Dir: /home/zh/catkin_ws/src/detecter/cmake-build-debug/CMakeFiles/CMakeTmp

Run Build Command:"/usr/bin/make" "cmTC_7a195/fast"
/usr/bin/make -f CMakeFiles/cmTC_7a195.dir/build.make CMakeFiles/cmTC_7a195.dir/build
make[1]: Entering directory `/home/zh/catkin_ws/src/detecter/cmake-build-debug/CMakeFiles/CMakeTmp'
Building C object CMakeFiles/cmTC_7a195.dir/CheckSymbolExists.c.o
/usr/bin/cc     -o CMakeFiles/cmTC_7a195.dir/CheckSymbolExists.c.o   -c /home/zh/catkin_ws/src/detecter/cmake-build-debug/CMakeFiles/CMakeTmp/CheckSymbolExists.c
Linking C executable cmTC_7a195
/home/zh/Softwares/clion-2016.3.2/bin/cmake/bin/cmake -E cmake_link_script CMakeFiles/cmTC_7a195.dir/link.txt --verbose=1
/usr/bin/cc       CMakeFiles/cmTC_7a195.dir/CheckSymbolExists.c.o  -o cmTC_7a195 -rdynamic 
CMakeFiles/cmTC_7a195.dir/CheckSymbolExists.c.o: In function `main':
CheckSymbolExists.c:(.text+0x16): undefined reference to `pthread_create'
collect2: error: ld returned 1 exit status
make[1]: *** [cmTC_7a195] Error 1
make[1]: Leaving directory `/home/zh/catkin_ws/src/detecter/cmake-build-debug/CMakeFiles/CMakeTmp'
make: *** [cmTC_7a195/fast] Error 2

File /home/zh/catkin_ws/src/detecter/cmake-build-debug/CMakeFiles/CMakeTmp/CheckSymbolExists.c:
/* */
#include <pthread.h>

int main(int argc, char** argv)
{
  (void)argv;
#ifndef pthread_create
  return ((int*)(&pthread_create))[argc];
#else
  (void)argc;
  return 0;
#endif
}

Determining if the function pthread_create exists in the pthreads failed with the following output:
Change Dir: /home/zh/catkin_ws/src/detecter/cmake-build-debug/CMakeFiles/CMakeTmp

Run Build Command:"/usr/bin/make" "cmTC_5d4ee/fast"
/usr/bin/make -f CMakeFiles/cmTC_5d4ee.dir/build.make CMakeFiles/cmTC_5d4ee.dir/build
make[1]: Entering directory `/home/zh/catkin_ws/src/detecter/cmake-build-debug/CMakeFiles/CMakeTmp'
Building C object CMakeFiles/cmTC_5d4ee.dir/CheckFunctionExists.c.o
/usr/bin/cc    -DCHECK_FUNCTION_EXISTS=pthread_create   -o CMakeFiles/cmTC_5d4ee.dir/CheckFunctionExists.c.o   -c /home/zh/Softwares/clion-2016.3.2/bin/cmake/share/cmake-3.6/Modules/CheckFunctionExists.c
Linking C executable cmTC_5d4ee
/home/zh/Softwares/clion-2016.3.2/bin/cmake/bin/cmake -E cmake_link_script CMakeFiles/cmTC_5d4ee.dir/link.txt --verbose=1
/usr/bin/cc   -DCHECK_FUNCTION_EXISTS=pthread_create    CMakeFiles/cmTC_5d4ee.dir/CheckFunctionExists.c.o  -o cmTC_5d4ee -rdynamic -lpthreads 
/usr/bin/ld: cannot find -lpthreads
collect2: error: ld returned 1 exit status
make[1]: *** [cmTC_5d4ee] Error 1
make[1]: Leaving directory `/home/zh/catkin_ws/src/detecter/cmake-build-debug/CMakeFiles/CMakeTmp'
make: *** [cmTC_5d4ee/fast] Error 2


